\BOOKMARK [0][-]{chapter*.2}{List of Figures}{}% 1
\BOOKMARK [0][-]{chapter*.3}{List of Tables}{}% 2
\BOOKMARK [-1][-]{part.1}{Preliminaries}{}% 3
\BOOKMARK [0][-]{chapter.1}{Introduction}{part.1}% 4
\BOOKMARK [1][-]{section.1.1}{Motivation}{chapter.1}% 5
\BOOKMARK [1][-]{section.1.2}{Background}{chapter.1}% 6
\BOOKMARK [1][-]{section.1.3}{Project Aims}{chapter.1}% 7
\BOOKMARK [1][-]{section.1.4}{Document Structure}{chapter.1}% 8
\BOOKMARK [1][-]{section.1.5}{Statement of Ethics}{chapter.1}% 9
\BOOKMARK [0][-]{chapter.2}{Literature Review}{part.1}% 10
\BOOKMARK [1][-]{section.2.1}{Testing Autonomous Robots}{chapter.2}% 11
\BOOKMARK [1][-]{section.2.2}{Path Planning Problems}{chapter.2}% 12
\BOOKMARK [1][-]{section.2.3}{Factors of Difficulty}{chapter.2}% 13
\BOOKMARK [1][-]{section.2.4}{Exploration}{chapter.2}% 14
\BOOKMARK [-1][-]{part.2}{Research}{}% 15
\BOOKMARK [0][-]{chapter.3}{Problem Analysis}{part.2}% 16
\BOOKMARK [1][-]{section.3.1}{Introduction}{chapter.3}% 17
\BOOKMARK [1][-]{section.3.2}{Task Definition}{chapter.3}% 18
\BOOKMARK [1][-]{section.3.3}{Difficulty}{chapter.3}% 19
\BOOKMARK [2][-]{subsection.3.3.1}{Occupancy Grid}{section.3.3}% 20
\BOOKMARK [2][-]{subsection.3.3.2}{Difficult PPPs}{section.3.3}% 21
\BOOKMARK [2][-]{subsection.3.3.3}{Measurement of Difficulty}{section.3.3}% 22
\BOOKMARK [2][-]{subsection.3.3.4}{Application and Diversity}{section.3.3}% 23
\BOOKMARK [1][-]{section.3.4}{Generator Requirements}{chapter.3}% 24
\BOOKMARK [2][-]{subsection.3.4.1}{Rationale}{section.3.4}% 25
\BOOKMARK [1][-]{section.3.5}{Simulator Requirements}{chapter.3}% 26
\BOOKMARK [2][-]{subsection.3.5.1}{Rationale}{section.3.5}% 27
\BOOKMARK [0][-]{chapter.4}{Design and Implementation}{part.2}% 28
\BOOKMARK [0][-]{chapter.5}{Evaluation}{part.2}% 29
\BOOKMARK [-1][-]{part.3}{Closing Remarks}{}% 30
\BOOKMARK [0][-]{chapter.6}{Conclusion}{part.3}% 31
\BOOKMARK [0][-]{chapter.7}{Future Work}{part.3}% 32
\BOOKMARK [0][-]{chapter.8}{Bibliography}{part.3}% 33
